<?xml version="1.0" encoding="UTF-8"?>
<testsuite xmlns:xsi="http://www.w3.org/2001/XMLSchema-instance" xsi:noNamespaceSchemaLocation="https://maven.apache.org/surefire/maven-surefire-plugin/xsd/surefire-test-report-3.0.xsd" version="3.0" name="com.gcu.Topic22ApplicationTests" time="1.436" tests="1" errors="0" skipped="0" failures="0">
  <properties>
    <property name="java.specification.version" value="17"/>
    <property name="sun.jnu.encoding" value="UTF-8"/>
    <property name="java.class.path" value="/Users/giannaross/Desktop/CST - 323 Cloud Computing/323Code/CST-323TestApplication/target/test-classes:/Users/giannaross/Desktop/CST - 323 Cloud Computing/323Code/CST-323TestApplication/target/classes:/Users/giannaross/.m2/repository/org/springframework/boot/spring-boot-starter-thymeleaf/3.3.6/spring-boot-starter-thymeleaf-3.3.6.jar:/Users/giannaross/.m2/repository/org/springframework/boot/spring-boot-starter/3.3.6/spring-boot-starter-3.3.6.jar:/Users/giannaross/.m2/repository/org/springframework/boot/spring-boot-starter-logging/3.3.6/spring-boot-starter-logging-3.3.6.jar:/Users/giannaross/.m2/repository/ch/qos/logback/logback-classic/1.5.12/logback-classic-1.5.12.jar:/Users/giannaross/.m2/repository/ch/qos/logback/logback-core/1.5.12/logback-core-1.5.12.jar:/Users/giannaross/.m2/repository/org/apache/logging/log4j/log4j-to-slf4j/2.23.1/log4j-to-slf4j-2.23.1.jar:/Users/giannaross/.m2/repository/org/apache/logging/log4j/log4j-api/2.23.1/log4j-api-2.23.1.jar:/Users/giannaross/.m2/repository/org/slf4j/jul-to-slf4j/2.0.16/jul-to-slf4j-2.0.16.jar:/Users/giannaross/.m2/repository/jakarta/annotation/jakarta.annotation-api/2.1.1/jakarta.annotation-api-2.1.1.jar:/Users/giannaross/.m2/repository/org/yaml/snakeyaml/2.2/snakeyaml-2.2.jar:/Users/giannaross/.m2/repository/org/thymeleaf/thymeleaf-spring6/3.1.2.RELEASE/thymeleaf-spring6-3.1.2.RELEASE.jar:/Users/giannaross/.m2/repository/org/springframework/boot/spring-boot-starter-web/3.3.6/spring-boot-starter-web-3.3.6.jar:/Users/giannaross/.m2/repository/org/springframework/boot/spring-boot-starter-json/3.3.6/spring-boot-starter-json-3.3.6.jar:/Users/giannaross/.m2/repository/com/fasterxml/jackson/datatype/jackson-datatype-jdk8/2.17.3/jackson-datatype-jdk8-2.17.3.jar:/Users/giannaross/.m2/repository/com/fasterxml/jackson/datatype/jackson-datatype-jsr310/2.17.3/jackson-datatype-jsr310-2.17.3.jar:/Users/giannaross/.m2/repository/com/fasterxml/jackson/module/jackson-module-parameter-names/2.17.3/jackson-module-parameter-names-2.17.3.jar:/Users/giannaross/.m2/repository/org/springframework/boot/spring-boot-starter-tomcat/3.3.6/spring-boot-starter-tomcat-3.3.6.jar:/Users/giannaross/.m2/repository/org/apache/tomcat/embed/tomcat-embed-core/10.1.33/tomcat-embed-core-10.1.33.jar:/Users/giannaross/.m2/repository/org/apache/tomcat/embed/tomcat-embed-websocket/10.1.33/tomcat-embed-websocket-10.1.33.jar:/Users/giannaross/.m2/repository/org/springframework/spring-web/6.1.15/spring-web-6.1.15.jar:/Users/giannaross/.m2/repository/org/springframework/spring-beans/6.1.15/spring-beans-6.1.15.jar:/Users/giannaross/.m2/repository/io/micrometer/micrometer-observation/1.13.8/micrometer-observation-1.13.8.jar:/Users/giannaross/.m2/repository/io/micrometer/micrometer-commons/1.13.8/micrometer-commons-1.13.8.jar:/Users/giannaross/.m2/repository/org/springframework/spring-webmvc/6.1.15/spring-webmvc-6.1.15.jar:/Users/giannaross/.m2/repository/org/springframework/spring-aop/6.1.15/spring-aop-6.1.15.jar:/Users/giannaross/.m2/repository/org/springframework/spring-context/6.1.15/spring-context-6.1.15.jar:/Users/giannaross/.m2/repository/org/springframework/spring-expression/6.1.15/spring-expression-6.1.15.jar:/Users/giannaross/.m2/repository/org/springframework/boot/spring-boot-devtools/3.3.6/spring-boot-devtools-3.3.6.jar:/Users/giannaross/.m2/repository/org/springframework/boot/spring-boot/3.3.6/spring-boot-3.3.6.jar:/Users/giannaross/.m2/repository/org/springframework/boot/spring-boot-autoconfigure/3.3.6/spring-boot-autoconfigure-3.3.6.jar:/Users/giannaross/.m2/repository/org/springframework/boot/spring-boot-starter-test/3.3.6/spring-boot-starter-test-3.3.6.jar:/Users/giannaross/.m2/repository/org/springframework/boot/spring-boot-test/3.3.6/spring-boot-test-3.3.6.jar:/Users/giannaross/.m2/repository/org/springframework/boot/spring-boot-test-autoconfigure/3.3.6/spring-boot-test-autoconfigure-3.3.6.jar:/Users/giannaross/.m2/repository/com/jayway/jsonpath/json-path/2.9.0/json-path-2.9.0.jar:/Users/giannaross/.m2/repository/jakarta/xml/bind/jakarta.xml.bind-api/4.0.2/jakarta.xml.bind-api-4.0.2.jar:/Users/giannaross/.m2/repository/jakarta/activation/jakarta.activation-api/2.1.3/jakarta.activation-api-2.1.3.jar:/Users/giannaross/.m2/repository/net/minidev/json-smart/2.5.1/json-smart-2.5.1.jar:/Users/giannaross/.m2/repository/net/minidev/accessors-smart/2.5.1/accessors-smart-2.5.1.jar:/Users/giannaross/.m2/repository/org/ow2/asm/asm/9.6/asm-9.6.jar:/Users/giannaross/.m2/repository/org/assertj/assertj-core/3.25.3/assertj-core-3.25.3.jar:/Users/giannaross/.m2/repository/net/bytebuddy/byte-buddy/1.14.19/byte-buddy-1.14.19.jar:/Users/giannaross/.m2/repository/org/awaitility/awaitility/4.2.2/awaitility-4.2.2.jar:/Users/giannaross/.m2/repository/org/hamcrest/hamcrest/2.2/hamcrest-2.2.jar:/Users/giannaross/.m2/repository/org/junit/jupiter/junit-jupiter/5.10.5/junit-jupiter-5.10.5.jar:/Users/giannaross/.m2/repository/org/junit/jupiter/junit-jupiter-api/5.10.5/junit-jupiter-api-5.10.5.jar:/Users/giannaross/.m2/repository/org/opentest4j/opentest4j/1.3.0/opentest4j-1.3.0.jar:/Users/giannaross/.m2/repository/org/junit/platform/junit-platform-commons/1.10.5/junit-platform-commons-1.10.5.jar:/Users/giannaross/.m2/repository/org/apiguardian/apiguardian-api/1.1.2/apiguardian-api-1.1.2.jar:/Users/giannaross/.m2/repository/org/junit/jupiter/junit-jupiter-params/5.10.5/junit-jupiter-params-5.10.5.jar:/Users/giannaross/.m2/repository/org/junit/jupiter/junit-jupiter-engine/5.10.5/junit-jupiter-engine-5.10.5.jar:/Users/giannaross/.m2/repository/org/junit/platform/junit-platform-engine/1.10.5/junit-platform-engine-1.10.5.jar:/Users/giannaross/.m2/repository/org/mockito/mockito-core/5.11.0/mockito-core-5.11.0.jar:/Users/giannaross/.m2/repository/net/bytebuddy/byte-buddy-agent/1.14.19/byte-buddy-agent-1.14.19.jar:/Users/giannaross/.m2/repository/org/objenesis/objenesis/3.3/objenesis-3.3.jar:/Users/giannaross/.m2/repository/org/mockito/mockito-junit-jupiter/5.11.0/mockito-junit-jupiter-5.11.0.jar:/Users/giannaross/.m2/repository/org/skyscreamer/jsonassert/1.5.3/jsonassert-1.5.3.jar:/Users/giannaross/.m2/repository/com/vaadin/external/google/android-json/0.0.20131108.vaadin1/android-json-0.0.20131108.vaadin1.jar:/Users/giannaross/.m2/repository/org/springframework/spring-core/6.1.15/spring-core-6.1.15.jar:/Users/giannaross/.m2/repository/org/springframework/spring-jcl/6.1.15/spring-jcl-6.1.15.jar:/Users/giannaross/.m2/repository/org/springframework/spring-test/6.1.15/spring-test-6.1.15.jar:/Users/giannaross/.m2/repository/org/xmlunit/xmlunit-core/2.9.1/xmlunit-core-2.9.1.jar:/Users/giannaross/.m2/repository/org/springframework/boot/spring-boot-starter-validation/3.3.6/spring-boot-starter-validation-3.3.6.jar:/Users/giannaross/.m2/repository/org/apache/tomcat/embed/tomcat-embed-el/10.1.33/tomcat-embed-el-10.1.33.jar:/Users/giannaross/.m2/repository/org/hibernate/validator/hibernate-validator/8.0.1.Final/hibernate-validator-8.0.1.Final.jar:/Users/giannaross/.m2/repository/jakarta/validation/jakarta.validation-api/3.0.2/jakarta.validation-api-3.0.2.jar:/Users/giannaross/.m2/repository/org/jboss/logging/jboss-logging/3.5.3.Final/jboss-logging-3.5.3.Final.jar:/Users/giannaross/.m2/repository/com/fasterxml/classmate/1.7.0/classmate-1.7.0.jar:/Users/giannaross/.m2/repository/nz/net/ultraq/thymeleaf/thymeleaf-layout-dialect/3.3.0/thymeleaf-layout-dialect-3.3.0.jar:/Users/giannaross/.m2/repository/org/apache/groovy/groovy/4.0.24/groovy-4.0.24.jar:/Users/giannaross/.m2/repository/nz/net/ultraq/groovy/groovy-extensions/2.1.0/groovy-extensions-2.1.0.jar:/Users/giannaross/.m2/repository/nz/net/ultraq/thymeleaf/thymeleaf-expression-processor/3.2.0/thymeleaf-expression-processor-3.2.0.jar:/Users/giannaross/.m2/repository/org/thymeleaf/thymeleaf/3.1.2.RELEASE/thymeleaf-3.1.2.RELEASE.jar:/Users/giannaross/.m2/repository/ognl/ognl/3.3.4/ognl-3.3.4.jar:/Users/giannaross/.m2/repository/org/javassist/javassist/3.29.0-GA/javassist-3.29.0-GA.jar:/Users/giannaross/.m2/repository/org/attoparser/attoparser/2.0.7.RELEASE/attoparser-2.0.7.RELEASE.jar:/Users/giannaross/.m2/repository/org/unbescape/unbescape/1.1.6.RELEASE/unbescape-1.1.6.RELEASE.jar:/Users/giannaross/.m2/repository/org/slf4j/slf4j-api/2.0.16/slf4j-api-2.0.16.jar:/Users/giannaross/.m2/repository/com/fasterxml/jackson/dataformat/jackson-dataformat-xml/2.17.3/jackson-dataformat-xml-2.17.3.jar:/Users/giannaross/.m2/repository/com/fasterxml/jackson/core/jackson-core/2.17.3/jackson-core-2.17.3.jar:/Users/giannaross/.m2/repository/com/fasterxml/jackson/core/jackson-annotations/2.17.3/jackson-annotations-2.17.3.jar:/Users/giannaross/.m2/repository/com/fasterxml/jackson/core/jackson-databind/2.17.3/jackson-databind-2.17.3.jar:/Users/giannaross/.m2/repository/org/codehaus/woodstox/stax2-api/4.2.2/stax2-api-4.2.2.jar:/Users/giannaross/.m2/repository/com/fasterxml/woodstox/woodstox-core/6.7.0/woodstox-core-6.7.0.jar:/Users/giannaross/.m2/repository/com/mysql/mysql-connector-j/8.3.0/mysql-connector-j-8.3.0.jar:/Users/giannaross/.m2/repository/org/springframework/boot/spring-boot-starter-data-jdbc/3.3.6/spring-boot-starter-data-jdbc-3.3.6.jar:/Users/giannaross/.m2/repository/org/springframework/boot/spring-boot-starter-jdbc/3.3.6/spring-boot-starter-jdbc-3.3.6.jar:/Users/giannaross/.m2/repository/com/zaxxer/HikariCP/5.1.0/HikariCP-5.1.0.jar:/Users/giannaross/.m2/repository/org/springframework/spring-jdbc/6.1.15/spring-jdbc-6.1.15.jar:/Users/giannaross/.m2/repository/org/springframework/data/spring-data-jdbc/3.3.6/spring-data-jdbc-3.3.6.jar:/Users/giannaross/.m2/repository/org/springframework/data/spring-data-relational/3.3.6/spring-data-relational-3.3.6.jar:/Users/giannaross/.m2/repository/org/springframework/data/spring-data-commons/3.3.6/spring-data-commons-3.3.6.jar:/Users/giannaross/.m2/repository/org/springframework/spring-tx/6.1.15/spring-tx-6.1.15.jar:"/>
    <property name="java.vm.vendor" value="Oracle Corporation"/>
    <property name="sun.arch.data.model" value="64"/>
    <property name="java.vendor.url" value="https://java.oracle.com/"/>
    <property name="user.timezone" value="America/Phoenix"/>
    <property name="org.jboss.logging.provider" value="slf4j"/>
    <property name="os.name" value="Mac OS X"/>
    <property name="java.vm.specification.version" value="17"/>
    <property name="sun.java.launcher" value="SUN_STANDARD"/>
    <property name="user.country" value="US"/>
    <property name="sun.boot.library.path" value="/Library/Java/JavaVirtualMachines/jdk-17.jdk/Contents/Home/lib"/>
    <property name="sun.java.command" value="/Users/giannaross/Desktop/CST - 323 Cloud Computing/323Code/CST-323TestApplication/target/surefire/surefirebooter-20250118032009400_3.jar /Users/giannaross/Desktop/CST - 323 Cloud Computing/323Code/CST-323TestApplication/target/surefire 2025-01-18T03-20-09_366-jvmRun1 surefire-20250118032009400_1tmp surefire_0-20250118032009400_2tmp"/>
    <property name="http.nonProxyHosts" value="local|*.local|169.254/16|*.169.254/16"/>
    <property name="jdk.debug" value="release"/>
    <property name="surefire.test.class.path" value="/Users/giannaross/Desktop/CST - 323 Cloud Computing/323Code/CST-323TestApplication/target/test-classes:/Users/giannaross/Desktop/CST - 323 Cloud Computing/323Code/CST-323TestApplication/target/classes:/Users/giannaross/.m2/repository/org/springframework/boot/spring-boot-starter-thymeleaf/3.3.6/spring-boot-starter-thymeleaf-3.3.6.jar:/Users/giannaross/.m2/repository/org/springframework/boot/spring-boot-starter/3.3.6/spring-boot-starter-3.3.6.jar:/Users/giannaross/.m2/repository/org/springframework/boot/spring-boot-starter-logging/3.3.6/spring-boot-starter-logging-3.3.6.jar:/Users/giannaross/.m2/repository/ch/qos/logback/logback-classic/1.5.12/logback-classic-1.5.12.jar:/Users/giannaross/.m2/repository/ch/qos/logback/logback-core/1.5.12/logback-core-1.5.12.jar:/Users/giannaross/.m2/repository/org/apache/logging/log4j/log4j-to-slf4j/2.23.1/log4j-to-slf4j-2.23.1.jar:/Users/giannaross/.m2/repository/org/apache/logging/log4j/log4j-api/2.23.1/log4j-api-2.23.1.jar:/Users/giannaross/.m2/repository/org/slf4j/jul-to-slf4j/2.0.16/jul-to-slf4j-2.0.16.jar:/Users/giannaross/.m2/repository/jakarta/annotation/jakarta.annotation-api/2.1.1/jakarta.annotation-api-2.1.1.jar:/Users/giannaross/.m2/repository/org/yaml/snakeyaml/2.2/snakeyaml-2.2.jar:/Users/giannaross/.m2/repository/org/thymeleaf/thymeleaf-spring6/3.1.2.RELEASE/thymeleaf-spring6-3.1.2.RELEASE.jar:/Users/giannaross/.m2/repository/org/springframework/boot/spring-boot-starter-web/3.3.6/spring-boot-starter-web-3.3.6.jar:/Users/giannaross/.m2/repository/org/springframework/boot/spring-boot-starter-json/3.3.6/spring-boot-starter-json-3.3.6.jar:/Users/giannaross/.m2/repository/com/fasterxml/jackson/datatype/jackson-datatype-jdk8/2.17.3/jackson-datatype-jdk8-2.17.3.jar:/Users/giannaross/.m2/repository/com/fasterxml/jackson/datatype/jackson-datatype-jsr310/2.17.3/jackson-datatype-jsr310-2.17.3.jar:/Users/giannaross/.m2/repository/com/fasterxml/jackson/module/jackson-module-parameter-names/2.17.3/jackson-module-parameter-names-2.17.3.jar:/Users/giannaross/.m2/repository/org/springframework/boot/spring-boot-starter-tomcat/3.3.6/spring-boot-starter-tomcat-3.3.6.jar:/Users/giannaross/.m2/repository/org/apache/tomcat/embed/tomcat-embed-core/10.1.33/tomcat-embed-core-10.1.33.jar:/Users/giannaross/.m2/repository/org/apache/tomcat/embed/tomcat-embed-websocket/10.1.33/tomcat-embed-websocket-10.1.33.jar:/Users/giannaross/.m2/repository/org/springframework/spring-web/6.1.15/spring-web-6.1.15.jar:/Users/giannaross/.m2/repository/org/springframework/spring-beans/6.1.15/spring-beans-6.1.15.jar:/Users/giannaross/.m2/repository/io/micrometer/micrometer-observation/1.13.8/micrometer-observation-1.13.8.jar:/Users/giannaross/.m2/repository/io/micrometer/micrometer-commons/1.13.8/micrometer-commons-1.13.8.jar:/Users/giannaross/.m2/repository/org/springframework/spring-webmvc/6.1.15/spring-webmvc-6.1.15.jar:/Users/giannaross/.m2/repository/org/springframework/spring-aop/6.1.15/spring-aop-6.1.15.jar:/Users/giannaross/.m2/repository/org/springframework/spring-context/6.1.15/spring-context-6.1.15.jar:/Users/giannaross/.m2/repository/org/springframework/spring-expression/6.1.15/spring-expression-6.1.15.jar:/Users/giannaross/.m2/repository/org/springframework/boot/spring-boot-devtools/3.3.6/spring-boot-devtools-3.3.6.jar:/Users/giannaross/.m2/repository/org/springframework/boot/spring-boot/3.3.6/spring-boot-3.3.6.jar:/Users/giannaross/.m2/repository/org/springframework/boot/spring-boot-autoconfigure/3.3.6/spring-boot-autoconfigure-3.3.6.jar:/Users/giannaross/.m2/repository/org/springframework/boot/spring-boot-starter-test/3.3.6/spring-boot-starter-test-3.3.6.jar:/Users/giannaross/.m2/repository/org/springframework/boot/spring-boot-test/3.3.6/spring-boot-test-3.3.6.jar:/Users/giannaross/.m2/repository/org/springframework/boot/spring-boot-test-autoconfigure/3.3.6/spring-boot-test-autoconfigure-3.3.6.jar:/Users/giannaross/.m2/repository/com/jayway/jsonpath/json-path/2.9.0/json-path-2.9.0.jar:/Users/giannaross/.m2/repository/jakarta/xml/bind/jakarta.xml.bind-api/4.0.2/jakarta.xml.bind-api-4.0.2.jar:/Users/giannaross/.m2/repository/jakarta/activation/jakarta.activation-api/2.1.3/jakarta.activation-api-2.1.3.jar:/Users/giannaross/.m2/repository/net/minidev/json-smart/2.5.1/json-smart-2.5.1.jar:/Users/giannaross/.m2/repository/net/minidev/accessors-smart/2.5.1/accessors-smart-2.5.1.jar:/Users/giannaross/.m2/repository/org/ow2/asm/asm/9.6/asm-9.6.jar:/Users/giannaross/.m2/repository/org/assertj/assertj-core/3.25.3/assertj-core-3.25.3.jar:/Users/giannaross/.m2/repository/net/bytebuddy/byte-buddy/1.14.19/byte-buddy-1.14.19.jar:/Users/giannaross/.m2/repository/org/awaitility/awaitility/4.2.2/awaitility-4.2.2.jar:/Users/giannaross/.m2/repository/org/hamcrest/hamcrest/2.2/hamcrest-2.2.jar:/Users/giannaross/.m2/repository/org/junit/jupiter/junit-jupiter/5.10.5/junit-jupiter-5.10.5.jar:/Users/giannaross/.m2/repository/org/junit/jupiter/junit-jupiter-api/5.10.5/junit-jupiter-api-5.10.5.jar:/Users/giannaross/.m2/repository/org/opentest4j/opentest4j/1.3.0/opentest4j-1.3.0.jar:/Users/giannaross/.m2/repository/org/junit/platform/junit-platform-commons/1.10.5/junit-platform-commons-1.10.5.jar:/Users/giannaross/.m2/repository/org/apiguardian/apiguardian-api/1.1.2/apiguardian-api-1.1.2.jar:/Users/giannaross/.m2/repository/org/junit/jupiter/junit-jupiter-params/5.10.5/junit-jupiter-params-5.10.5.jar:/Users/giannaross/.m2/repository/org/junit/jupiter/junit-jupiter-engine/5.10.5/junit-jupiter-engine-5.10.5.jar:/Users/giannaross/.m2/repository/org/junit/platform/junit-platform-engine/1.10.5/junit-platform-engine-1.10.5.jar:/Users/giannaross/.m2/repository/org/mockito/mockito-core/5.11.0/mockito-core-5.11.0.jar:/Users/giannaross/.m2/repository/net/bytebuddy/byte-buddy-agent/1.14.19/byte-buddy-agent-1.14.19.jar:/Users/giannaross/.m2/repository/org/objenesis/objenesis/3.3/objenesis-3.3.jar:/Users/giannaross/.m2/repository/org/mockito/mockito-junit-jupiter/5.11.0/mockito-junit-jupiter-5.11.0.jar:/Users/giannaross/.m2/repository/org/skyscreamer/jsonassert/1.5.3/jsonassert-1.5.3.jar:/Users/giannaross/.m2/repository/com/vaadin/external/google/android-json/0.0.20131108.vaadin1/android-json-0.0.20131108.vaadin1.jar:/Users/giannaross/.m2/repository/org/springframework/spring-core/6.1.15/spring-core-6.1.15.jar:/Users/giannaross/.m2/repository/org/springframework/spring-jcl/6.1.15/spring-jcl-6.1.15.jar:/Users/giannaross/.m2/repository/org/springframework/spring-test/6.1.15/spring-test-6.1.15.jar:/Users/giannaross/.m2/repository/org/xmlunit/xmlunit-core/2.9.1/xmlunit-core-2.9.1.jar:/Users/giannaross/.m2/repository/org/springframework/boot/spring-boot-starter-validation/3.3.6/spring-boot-starter-validation-3.3.6.jar:/Users/giannaross/.m2/repository/org/apache/tomcat/embed/tomcat-embed-el/10.1.33/tomcat-embed-el-10.1.33.jar:/Users/giannaross/.m2/repository/org/hibernate/validator/hibernate-validator/8.0.1.Final/hibernate-validator-8.0.1.Final.jar:/Users/giannaross/.m2/repository/jakarta/validation/jakarta.validation-api/3.0.2/jakarta.validation-api-3.0.2.jar:/Users/giannaross/.m2/repository/org/jboss/logging/jboss-logging/3.5.3.Final/jboss-logging-3.5.3.Final.jar:/Users/giannaross/.m2/repository/com/fasterxml/classmate/1.7.0/classmate-1.7.0.jar:/Users/giannaross/.m2/repository/nz/net/ultraq/thymeleaf/thymeleaf-layout-dialect/3.3.0/thymeleaf-layout-dialect-3.3.0.jar:/Users/giannaross/.m2/repository/org/apache/groovy/groovy/4.0.24/groovy-4.0.24.jar:/Users/giannaross/.m2/repository/nz/net/ultraq/groovy/groovy-extensions/2.1.0/groovy-extensions-2.1.0.jar:/Users/giannaross/.m2/repository/nz/net/ultraq/thymeleaf/thymeleaf-expression-processor/3.2.0/thymeleaf-expression-processor-3.2.0.jar:/Users/giannaross/.m2/repository/org/thymeleaf/thymeleaf/3.1.2.RELEASE/thymeleaf-3.1.2.RELEASE.jar:/Users/giannaross/.m2/repository/ognl/ognl/3.3.4/ognl-3.3.4.jar:/Users/giannaross/.m2/repository/org/javassist/javassist/3.29.0-GA/javassist-3.29.0-GA.jar:/Users/giannaross/.m2/repository/org/attoparser/attoparser/2.0.7.RELEASE/attoparser-2.0.7.RELEASE.jar:/Users/giannaross/.m2/repository/org/unbescape/unbescape/1.1.6.RELEASE/unbescape-1.1.6.RELEASE.jar:/Users/giannaross/.m2/repository/org/slf4j/slf4j-api/2.0.16/slf4j-api-2.0.16.jar:/Users/giannaross/.m2/repository/com/fasterxml/jackson/dataformat/jackson-dataformat-xml/2.17.3/jackson-dataformat-xml-2.17.3.jar:/Users/giannaross/.m2/repository/com/fasterxml/jackson/core/jackson-core/2.17.3/jackson-core-2.17.3.jar:/Users/giannaross/.m2/repository/com/fasterxml/jackson/core/jackson-annotations/2.17.3/jackson-annotations-2.17.3.jar:/Users/giannaross/.m2/repository/com/fasterxml/jackson/core/jackson-databind/2.17.3/jackson-databind-2.17.3.jar:/Users/giannaross/.m2/repository/org/codehaus/woodstox/stax2-api/4.2.2/stax2-api-4.2.2.jar:/Users/giannaross/.m2/repository/com/fasterxml/woodstox/woodstox-core/6.7.0/woodstox-core-6.7.0.jar:/Users/giannaross/.m2/repository/com/mysql/mysql-connector-j/8.3.0/mysql-connector-j-8.3.0.jar:/Users/giannaross/.m2/repository/org/springframework/boot/spring-boot-starter-data-jdbc/3.3.6/spring-boot-starter-data-jdbc-3.3.6.jar:/Users/giannaross/.m2/repository/org/springframework/boot/spring-boot-starter-jdbc/3.3.6/spring-boot-starter-jdbc-3.3.6.jar:/Users/giannaross/.m2/repository/com/zaxxer/HikariCP/5.1.0/HikariCP-5.1.0.jar:/Users/giannaross/.m2/repository/org/springframework/spring-jdbc/6.1.15/spring-jdbc-6.1.15.jar:/Users/giannaross/.m2/repository/org/springframework/data/spring-data-jdbc/3.3.6/spring-data-jdbc-3.3.6.jar:/Users/giannaross/.m2/repository/org/springframework/data/spring-data-relational/3.3.6/spring-data-relational-3.3.6.jar:/Users/giannaross/.m2/repository/org/springframework/data/spring-data-commons/3.3.6/spring-data-commons-3.3.6.jar:/Users/giannaross/.m2/repository/org/springframework/spring-tx/6.1.15/spring-tx-6.1.15.jar:"/>
    <property name="sun.cpu.endian" value="little"/>
    <property name="user.home" value="/Users/giannaross"/>
    <property name="user.language" value="en"/>
    <property name="java.specification.vendor" value="Oracle Corporation"/>
    <property name="java.version.date" value="2024-07-16"/>
    <property name="java.home" value="/Library/Java/JavaVirtualMachines/jdk-17.jdk/Contents/Home"/>
    <property name="file.separator" value="/"/>
    <property name="style.color" value="always"/>
    <property name="basedir" value="/Users/giannaross/Desktop/CST - 323 Cloud Computing/323Code/CST-323TestApplication"/>
    <property name="java.vm.compressedOopsMode" value="Zero based"/>
    <property name="line.separator" value="&#10;"/>
    <property name="java.vm.specification.vendor" value="Oracle Corporation"/>
    <property name="java.specification.name" value="Java Platform API Specification"/>
    <property name="FILE_LOG_CHARSET" value="UTF-8"/>
    <property name="java.awt.headless" value="true"/>
    <property name="surefire.real.class.path" value="/Users/giannaross/Desktop/CST - 323 Cloud Computing/323Code/CST-323TestApplication/target/surefire/surefirebooter-20250118032009400_3.jar"/>
    <property name="sun.management.compiler" value="HotSpot 64-Bit Tiered Compilers"/>
    <property name="ftp.nonProxyHosts" value="local|*.local|169.254/16|*.169.254/16"/>
    <property name="java.runtime.version" value="17.0.12+8-LTS-286"/>
    <property name="user.name" value="giannaross"/>
    <property name="path.separator" value=":"/>
    <property name="os.version" value="15.2"/>
    <property name="java.runtime.name" value="Java(TM) SE Runtime Environment"/>
    <property name="file.encoding" value="UTF-8"/>
    <property name="java.vm.name" value="Java HotSpot(TM) 64-Bit Server VM"/>
    <property name="localRepository" value="/Users/giannaross/.m2/repository"/>
    <property name="java.vendor.url.bug" value="https://bugreport.java.com/bugreport/"/>
    <property name="java.io.tmpdir" value="/var/folders/l9/sz05p5ss2s39grn958cb51x80000gn/T/"/>
    <property name="com.zaxxer.hikari.pool_number" value="1"/>
    <property name="java.version" value="17.0.12"/>
    <property name="user.dir" value="/Users/giannaross/Desktop/CST - 323 Cloud Computing/323Code/CST-323TestApplication"/>
    <property name="os.arch" value="aarch64"/>
    <property name="java.vm.specification.name" value="Java Virtual Machine Specification"/>
    <property name="PID" value="22377"/>
    <property name="CONSOLE_LOG_CHARSET" value="UTF-8"/>
    <property name="native.encoding" value="UTF-8"/>
    <property name="java.library.path" value="/Users/giannaross/Library/Java/Extensions:/Library/Java/Extensions:/Network/Library/Java/Extensions:/System/Library/Java/Extensions:/usr/lib/java:."/>
    <property name="java.vm.info" value="mixed mode, sharing"/>
    <property name="java.vendor" value="Oracle Corporation"/>
    <property name="java.vm.version" value="17.0.12+8-LTS-286"/>
    <property name="sun.io.unicode.encoding" value="UnicodeBig"/>
    <property name="socksNonProxyHosts" value="local|*.local|169.254/16|*.169.254/16"/>
    <property name="java.class.version" value="61.0"/>
  </properties>
  <testcase name="contextLoads" classname="com.gcu.Topic22ApplicationTests" time="0.344">
    <system-out><![CDATA[03:20:09.704 [main] INFO org.springframework.test.context.support.AnnotationConfigContextLoaderUtils -- Could not detect default configuration classes for test class [com.gcu.Topic22ApplicationTests]: Topic22ApplicationTests does not declare any static, non-private, non-final, nested classes annotated with @Configuration.
03:20:09.738 [main] INFO org.springframework.boot.test.context.SpringBootTestContextBootstrapper -- Found @SpringBootConfiguration com.gcu.cst323TestApplication for test class com.gcu.Topic22ApplicationTests
03:20:09.794 [main] INFO org.springframework.boot.devtools.restart.RestartApplicationListener -- Restart disabled due to context in which it is running

  .   ____          _            __ _ _
 /\\ / ___'_ __ _ _(_)_ __  __ _ \ \ \ \
( ( )\___ | '_ | '_| | '_ \/ _` | \ \ \ \
 \\/  ___)| |_)| | | | | || (_| |  ) ) ) )
  '  |____| .__|_| |_|_| |_\__, | / / / /
 =========|_|==============|___/=/_/_/_/

 :: Spring Boot ::                (v3.3.6)

2025-01-18T03:20:09.870-07:00  INFO 22377 --- [           main] com.gcu.Topic22ApplicationTests          : Starting Topic22ApplicationTests using Java 17.0.12 with PID 22377 (started by giannaross in /Users/giannaross/Desktop/CST - 323 Cloud Computing/323Code/CST-323TestApplication)
2025-01-18T03:20:09.871-07:00  INFO 22377 --- [           main] com.gcu.Topic22ApplicationTests          : No active profile set, falling back to 1 default profile: "default"
2025-01-18T03:20:10.143-07:00  INFO 22377 --- [           main] .s.d.r.c.RepositoryConfigurationDelegate : Bootstrapping Spring Data JDBC repositories in DEFAULT mode.
2025-01-18T03:20:10.160-07:00  INFO 22377 --- [           main] .s.d.r.c.RepositoryConfigurationDelegate : Finished Spring Data repository scanning in 14 ms. Found 1 JDBC repository interface.
2025-01-18T03:20:10.304-07:00  INFO 22377 --- [           main] com.zaxxer.hikari.HikariDataSource       : HikariPool-1 - Starting...
2025-01-18T03:20:10.453-07:00  INFO 22377 --- [           main] com.zaxxer.hikari.pool.HikariPool        : HikariPool-1 - Added connection com.mysql.cj.jdbc.ConnectionImpl@111cba40
2025-01-18T03:20:10.454-07:00  INFO 22377 --- [           main] com.zaxxer.hikari.HikariDataSource       : HikariPool-1 - Start completed.
Initialize method in OrdersBusinessService
2025-01-18T03:20:10.731-07:00  INFO 22377 --- [           main] com.gcu.Topic22ApplicationTests          : Started Topic22ApplicationTests in 0.945 seconds (process running for 1.272)
]]></system-out>
  </testcase>
</testsuite>